[2026-02-01T23:53:14.512+0000] {local_task_job_runner.py:123} INFO - ::group::Pre task execution logs
[2026-02-01T23:53:14.518+0000] {taskinstance.py:2603} INFO - Dependencies all met for dep_context=non-requeueable deps ti=<TaskInstance: bees_brewery_medallion.transformation_silver scheduled__2026-01-31T00:00:00+00:00 [queued]>
[2026-02-01T23:53:14.520+0000] {taskinstance.py:2603} INFO - Dependencies all met for dep_context=requeueable deps ti=<TaskInstance: bees_brewery_medallion.transformation_silver scheduled__2026-01-31T00:00:00+00:00 [queued]>
[2026-02-01T23:53:14.520+0000] {taskinstance.py:2856} INFO - Starting attempt 3 of 3
[2026-02-01T23:53:14.524+0000] {taskinstance.py:2879} INFO - Executing <Task(PythonOperator): transformation_silver> on 2026-01-31 00:00:00+00:00
[2026-02-01T23:53:14.528+0000] {logging_mixin.py:190} WARNING - /home/***/.local/lib/python3.12/site-packages/***/task/task_runner/standard_task_runner.py:70 DeprecationWarning: This process (pid=1075) is multi-threaded, use of fork() may lead to deadlocks in the child.
[2026-02-01T23:53:14.529+0000] {standard_task_runner.py:72} INFO - Started process 1076 to run task
[2026-02-01T23:53:14.528+0000] {standard_task_runner.py:104} INFO - Running: ['***', 'tasks', 'run', 'bees_brewery_medallion', 'transformation_silver', 'scheduled__2026-01-31T00:00:00+00:00', '--job-id', '6', '--raw', '--subdir', 'DAGS_FOLDER/bees_brewery_dag.py', '--cfg-path', '/tmp/tmpcsfgokv6']
[2026-02-01T23:53:14.530+0000] {standard_task_runner.py:105} INFO - Job 6: Subtask transformation_silver
[2026-02-01T23:53:14.536+0000] {logging_mixin.py:190} WARNING - /home/***/.local/lib/python3.12/site-packages/***/settings.py:209 DeprecationWarning: The sql_alchemy_conn option in [core] has been moved to the sql_alchemy_conn option in [database] - the old setting has been used, but please update your config.
[2026-02-01T23:53:14.554+0000] {task_command.py:467} INFO - Running <TaskInstance: bees_brewery_medallion.transformation_silver scheduled__2026-01-31T00:00:00+00:00 [running]> on host 94f5d347c827
[2026-02-01T23:53:14.554+0000] {logging_mixin.py:190} WARNING - /home/***/.local/lib/python3.12/site-packages/***/settings.py:449 DeprecationWarning: The sql_alchemy_conn option in [core] has been moved to the sql_alchemy_conn option in [database] - the old setting has been used, but please update your config.
[2026-02-01T23:53:14.579+0000] {taskinstance.py:3122} INFO - Exporting env vars: AIRFLOW_CTX_DAG_OWNER='bees-data-engineering' AIRFLOW_CTX_DAG_ID='bees_brewery_medallion' AIRFLOW_CTX_TASK_ID='transformation_silver' AIRFLOW_CTX_EXECUTION_DATE='2026-01-31T00:00:00+00:00' AIRFLOW_CTX_TRY_NUMBER='3' AIRFLOW_CTX_DAG_RUN_ID='scheduled__2026-01-31T00:00:00+00:00'
[2026-02-01T23:53:14.580+0000] {taskinstance.py:731} INFO - ::endgroup::
[2026-02-01T23:53:14.585+0000] {bees_brewery_dag.py:65} INFO - Starting transformation job...
[2026-02-01T23:53:16.671+0000] {logging_mixin.py:190} INFO - [2026-02-01 23:53:16] [TransformationJob] [INFO] [TransformationJob] Starting Silver layer transformation...
[2026-02-01T23:53:16.671+0000] {base_job.py:108} INFO - [TransformationJob] Starting Silver layer transformation...
[2026-02-01T23:53:18.147+0000] {logging_mixin.py:190} INFO - [2026-02-01 23:53:18] [TransformationJob] [INFO] [TransformationJob] Records read from Bronze: 9083
[2026-02-01T23:53:18.147+0000] {base_job.py:108} INFO - [TransformationJob] Records read from Bronze: 9083
[2026-02-01T23:53:18.575+0000] {logging_mixin.py:190} INFO - [2026-02-01 23:53:18] [TransformationJob] [INFO] [TransformationJob] Records after deduplication: 9083 (removed: 0)
[2026-02-01T23:53:18.574+0000] {base_job.py:108} INFO - [TransformationJob] Records after deduplication: 9083 (removed: 0)
[2026-02-01T23:53:19.043+0000] {logging_mixin.py:190} INFO - [2026-02-01 23:53:19] [TransformationJob] [ERROR] [TransformationJob] ❌ Transformation failed: [NOT_COLUMN_OR_STR] Argument `col` should be a Column or str, got Row.
[2026-02-01T23:53:19.042+0000] {base_job.py:108} ERROR - [TransformationJob] ❌ Transformation failed: [NOT_COLUMN_OR_STR] Argument `col` should be a Column or str, got Row.
[2026-02-01T23:53:19.043+0000] {logging_mixin.py:190} INFO - [2026-02-01 23:53:19] [TransformationJob] [ERROR] [TransformationJob] Job failed with error: [NOT_COLUMN_OR_STR] Argument `col` should be a Column or str, got Row.
[2026-02-01T23:53:19.043+0000] {base_job.py:108} ERROR - [TransformationJob] Job failed with error: [NOT_COLUMN_OR_STR] Argument `col` should be a Column or str, got Row.
[2026-02-01T23:53:19.043+0000] {taskinstance.py:3301} ERROR - Task failed with exception
Traceback (most recent call last):
  File "/home/airflow/.local/lib/python3.12/site-packages/airflow/models/taskinstance.py", line 767, in _execute_task
    result = _execute_callable(context=context, **execute_callable_kwargs)
             ^^^^^^^^^^^^^^^^^^^^^^^^^^^^^^^^^^^^^^^^^^^^^^^^^^^^^^^^^^^^^
  File "/home/airflow/.local/lib/python3.12/site-packages/airflow/models/taskinstance.py", line 733, in _execute_callable
    return ExecutionCallableRunner(
           ^^^^^^^^^^^^^^^^^^^^^^^^
  File "/home/airflow/.local/lib/python3.12/site-packages/airflow/utils/operator_helpers.py", line 252, in run
    return self.func(*args, **kwargs)
           ^^^^^^^^^^^^^^^^^^^^^^^^^^
  File "/home/airflow/.local/lib/python3.12/site-packages/airflow/models/baseoperator.py", line 406, in wrapper
    return func(self, *args, **kwargs)
           ^^^^^^^^^^^^^^^^^^^^^^^^^^^
  File "/home/airflow/.local/lib/python3.12/site-packages/airflow/operators/python.py", line 238, in execute
    return_value = self.execute_callable()
                   ^^^^^^^^^^^^^^^^^^^^^^^
  File "/home/airflow/.local/lib/python3.12/site-packages/airflow/operators/python.py", line 256, in execute_callable
    return runner.run(*self.op_args, **self.op_kwargs)
           ^^^^^^^^^^^^^^^^^^^^^^^^^^^^^^^^^^^^^^^^^^^
  File "/home/airflow/.local/lib/python3.12/site-packages/airflow/utils/operator_helpers.py", line 252, in run
    return self.func(*args, **kwargs)
           ^^^^^^^^^^^^^^^^^^^^^^^^^^
  File "/opt/airflow/dags/bees_brewery_dag.py", line 67, in run_transformation
    job.execute()
  File "/opt/airflow/spark_jobs/transformation_silver.py", line 45, in execute
    null_count = self._validate_not_null(df_silver, ["id", "name", "state"])
                 ^^^^^^^^^^^^^^^^^^^^^^^^^^^^^^^^^^^^^^^^^^^^^^^^^^^^^^^^^^^
  File "/opt/airflow/spark_jobs/base_job.py", line 69, in _validate_not_null
    total_nulls = sum(null_counts)
                  ^^^^^^^^^^^^^^^^
  File "/home/airflow/.local/lib/python3.12/site-packages/pyspark/sql/utils.py", line 282, in wrapped
    return f(*args, **kwargs)
           ^^^^^^^^^^^^^^^^^^
  File "/home/airflow/.local/lib/python3.12/site-packages/pyspark/sql/functions/builtin.py", line 1630, in sum
    return _invoke_function_over_columns("sum", col)
           ^^^^^^^^^^^^^^^^^^^^^^^^^^^^^^^^^^^^^^^^^
  File "/home/airflow/.local/lib/python3.12/site-packages/pyspark/sql/functions/builtin.py", line 122, in _invoke_function_over_columns
    return _invoke_function(name, *(_to_java_column(col) for col in cols))
           ^^^^^^^^^^^^^^^^^^^^^^^^^^^^^^^^^^^^^^^^^^^^^^^^^^^^^^^^^^^^^^^
  File "/home/airflow/.local/lib/python3.12/site-packages/pyspark/sql/functions/builtin.py", line 122, in <genexpr>
    return _invoke_function(name, *(_to_java_column(col) for col in cols))
                                    ^^^^^^^^^^^^^^^^^^^^
  File "/home/airflow/.local/lib/python3.12/site-packages/pyspark/sql/classic/column.py", line 71, in _to_java_column
    raise PySparkTypeError(
pyspark.errors.exceptions.base.PySparkTypeError: [NOT_COLUMN_OR_STR] Argument `col` should be a Column or str, got Row.
[2026-02-01T23:53:19.051+0000] {taskinstance.py:1225} INFO - Marking task as FAILED. dag_id=bees_brewery_medallion, task_id=transformation_silver, run_id=scheduled__2026-01-31T00:00:00+00:00, execution_date=20260131T000000, start_date=20260201T235314, end_date=20260201T235319
[2026-02-01T23:53:19.057+0000] {taskinstance.py:340} INFO - ::group::Post task execution logs
[2026-02-01T23:53:19.057+0000] {standard_task_runner.py:124} ERROR - Failed to execute job 6 for task transformation_silver ([NOT_COLUMN_OR_STR] Argument `col` should be a Column or str, got Row.; 1076)
Traceback (most recent call last):
  File "/home/airflow/.local/lib/python3.12/site-packages/airflow/task/task_runner/standard_task_runner.py", line 117, in _start_by_fork
    ret = args.func(args, dag=self.dag)
          ^^^^^^^^^^^^^^^^^^^^^^^^^^^^^
  File "/home/airflow/.local/lib/python3.12/site-packages/airflow/cli/cli_config.py", line 49, in command
    return func(*args, **kwargs)
           ^^^^^^^^^^^^^^^^^^^^^
  File "/home/airflow/.local/lib/python3.12/site-packages/airflow/utils/cli.py", line 115, in wrapper
    return f(*args, **kwargs)
           ^^^^^^^^^^^^^^^^^^
  File "/home/airflow/.local/lib/python3.12/site-packages/airflow/cli/commands/task_command.py", line 483, in task_run
    task_return_code = _run_task_by_selected_method(args, _dag, ti)
                       ^^^^^^^^^^^^^^^^^^^^^^^^^^^^^^^^^^^^^^^^^^^^
  File "/home/airflow/.local/lib/python3.12/site-packages/airflow/cli/commands/task_command.py", line 256, in _run_task_by_selected_method
    return _run_raw_task(args, ti)
           ^^^^^^^^^^^^^^^^^^^^^^^
  File "/home/airflow/.local/lib/python3.12/site-packages/airflow/cli/commands/task_command.py", line 341, in _run_raw_task
    return ti._run_raw_task(
           ^^^^^^^^^^^^^^^^^
  File "/home/airflow/.local/lib/python3.12/site-packages/airflow/utils/session.py", line 97, in wrapper
    return func(*args, session=session, **kwargs)
           ^^^^^^^^^^^^^^^^^^^^^^^^^^^^^^^^^^^^^^
  File "/home/airflow/.local/lib/python3.12/site-packages/airflow/models/taskinstance.py", line 2995, in _run_raw_task
    return _run_raw_task(
           ^^^^^^^^^^^^^^
  File "/home/airflow/.local/lib/python3.12/site-packages/airflow/models/taskinstance.py", line 273, in _run_raw_task
    TaskInstance._execute_task_with_callbacks(
  File "/home/airflow/.local/lib/python3.12/site-packages/airflow/models/taskinstance.py", line 3149, in _execute_task_with_callbacks
    result = self._execute_task(context, task_orig)
             ^^^^^^^^^^^^^^^^^^^^^^^^^^^^^^^^^^^^^^
  File "/home/airflow/.local/lib/python3.12/site-packages/airflow/models/taskinstance.py", line 3173, in _execute_task
    return _execute_task(self, context, task_orig)
           ^^^^^^^^^^^^^^^^^^^^^^^^^^^^^^^^^^^^^^^
  File "/home/airflow/.local/lib/python3.12/site-packages/airflow/models/taskinstance.py", line 767, in _execute_task
    result = _execute_callable(context=context, **execute_callable_kwargs)
             ^^^^^^^^^^^^^^^^^^^^^^^^^^^^^^^^^^^^^^^^^^^^^^^^^^^^^^^^^^^^^
  File "/home/airflow/.local/lib/python3.12/site-packages/airflow/models/taskinstance.py", line 733, in _execute_callable
    return ExecutionCallableRunner(
           ^^^^^^^^^^^^^^^^^^^^^^^^
  File "/home/airflow/.local/lib/python3.12/site-packages/airflow/utils/operator_helpers.py", line 252, in run
    return self.func(*args, **kwargs)
           ^^^^^^^^^^^^^^^^^^^^^^^^^^
  File "/home/airflow/.local/lib/python3.12/site-packages/airflow/models/baseoperator.py", line 406, in wrapper
    return func(self, *args, **kwargs)
           ^^^^^^^^^^^^^^^^^^^^^^^^^^^
  File "/home/airflow/.local/lib/python3.12/site-packages/airflow/operators/python.py", line 238, in execute
    return_value = self.execute_callable()
                   ^^^^^^^^^^^^^^^^^^^^^^^
  File "/home/airflow/.local/lib/python3.12/site-packages/airflow/operators/python.py", line 256, in execute_callable
    return runner.run(*self.op_args, **self.op_kwargs)
           ^^^^^^^^^^^^^^^^^^^^^^^^^^^^^^^^^^^^^^^^^^^
  File "/home/airflow/.local/lib/python3.12/site-packages/airflow/utils/operator_helpers.py", line 252, in run
    return self.func(*args, **kwargs)
           ^^^^^^^^^^^^^^^^^^^^^^^^^^
  File "/opt/airflow/dags/bees_brewery_dag.py", line 67, in run_transformation
    job.execute()
  File "/opt/airflow/spark_jobs/transformation_silver.py", line 45, in execute
    null_count = self._validate_not_null(df_silver, ["id", "name", "state"])
                 ^^^^^^^^^^^^^^^^^^^^^^^^^^^^^^^^^^^^^^^^^^^^^^^^^^^^^^^^^^^
  File "/opt/airflow/spark_jobs/base_job.py", line 69, in _validate_not_null
    total_nulls = sum(null_counts)
                  ^^^^^^^^^^^^^^^^
  File "/home/airflow/.local/lib/python3.12/site-packages/pyspark/sql/utils.py", line 282, in wrapped
    return f(*args, **kwargs)
           ^^^^^^^^^^^^^^^^^^
  File "/home/airflow/.local/lib/python3.12/site-packages/pyspark/sql/functions/builtin.py", line 1630, in sum
    return _invoke_function_over_columns("sum", col)
           ^^^^^^^^^^^^^^^^^^^^^^^^^^^^^^^^^^^^^^^^^
  File "/home/airflow/.local/lib/python3.12/site-packages/pyspark/sql/functions/builtin.py", line 122, in _invoke_function_over_columns
    return _invoke_function(name, *(_to_java_column(col) for col in cols))
           ^^^^^^^^^^^^^^^^^^^^^^^^^^^^^^^^^^^^^^^^^^^^^^^^^^^^^^^^^^^^^^^
  File "/home/airflow/.local/lib/python3.12/site-packages/pyspark/sql/functions/builtin.py", line 122, in <genexpr>
    return _invoke_function(name, *(_to_java_column(col) for col in cols))
                                    ^^^^^^^^^^^^^^^^^^^^
  File "/home/airflow/.local/lib/python3.12/site-packages/pyspark/sql/classic/column.py", line 71, in _to_java_column
    raise PySparkTypeError(
pyspark.errors.exceptions.base.PySparkTypeError: [NOT_COLUMN_OR_STR] Argument `col` should be a Column or str, got Row.
[2026-02-01T23:53:19.087+0000] {local_task_job_runner.py:261} INFO - Task exited with return code 1
[2026-02-01T23:53:19.098+0000] {taskinstance.py:3891} INFO - 0 downstream tasks scheduled from follow-on schedule check
[2026-02-01T23:53:19.102+0000] {local_task_job_runner.py:240} INFO - ::endgroup::
